<?xml version="1.0" encoding="UTF-8"?>
<!-- Generated by org.testng.reporters.JUnitXMLReporter -->
<testsuite ignored="0" hostname="DESKTOP-6SCDH8C" failures="1" tests="1" name="TC001_UserLoginTest" time="2.797" errors="0" timestamp="2022-11-18T23:41:48 PST">
  <testcase classname="com.Facebook.Testcases.TC001_UserLoginTest" name="loginTest" time="0.051">
    <failure type="java.lang.NullPointerException" message="Cannot invoke &amp;quot;org.openqa.selenium.SearchContext.findElement(org.openqa.selenium.By)&amp;quot; because &amp;quot;this.searchContext&amp;quot; is null">
      <![CDATA[java.lang.NullPointerException: Cannot invoke "org.openqa.selenium.SearchContext.findElement(org.openqa.selenium.By)" because "this.searchContext" is null
at org.openqa.selenium.support.pagefactory.DefaultElementLocator.findElement(DefaultElementLocator.java:70)
at org.openqa.selenium.support.pagefactory.internal.LocatingElementHandler.invoke(LocatingElementHandler.java:39)
at jdk.proxy2/jdk.proxy2.$Proxy30.clear(Unknown Source)
at com.Facebook.Pageobjects.Loginpage.enteremail(Loginpage.java:31)
at com.Facebook.Testcases.TC001_UserLoginTest.loginTest(TC001_UserLoginTest.java:25)
at java.base/java.util.ArrayList.forEach(ArrayList.java:1511)
... Removed 27 stack frames]]>
    </failure>
  </testcase> <!-- loginTest -->
</testsuite> <!-- TC001_UserLoginTest -->
